<?xml version="1.0" encoding="UTF-8"?>
<testng-results ignored="0" total="1" passed="1" failed="0" skipped="0">
  <reporter-output>
  </reporter-output>
  <suite started-at="2024-09-11T15:17:58 IST" name="Default suite" finished-at="2024-09-11T15:18:05 IST" duration-ms="6502">
    <groups>
    </groups>
    <test started-at="2024-09-11T15:17:58 IST" name="Default test" finished-at="2024-09-11T15:18:05 IST" duration-ms="6502">
      <class name="TestScripts.VerifyingSuccessfulLoginPage">
        <test-method is-config="true" signature="config()[pri:0, instance:TestScripts.VerifyingSuccessfulLoginPage@3754a4bf]" started-at="2024-09-11T15:17:58 IST" name="config" finished-at="2024-09-11T15:17:58 IST" duration-ms="378" status="PASS">
          <reporter-output>
          </reporter-output>
        </test-method> <!-- config -->
        <test-method signature="verifyingSuccessfulLoginPage()[pri:0, instance:TestScripts.VerifyingSuccessfulLoginPage@3754a4bf]" started-at="2024-09-11T15:17:59 IST" name="verifyingSuccessfulLoginPage" finished-at="2024-09-11T15:18:05 IST" duration-ms="6065" status="PASS">
          <reporter-output>
          </reporter-output>
        </test-method> <!-- verifyingSuccessfulLoginPage -->
      </class> <!-- TestScripts.VerifyingSuccessfulLoginPage -->
    </test> <!-- Default test -->
  </suite> <!-- Default suite -->
</testng-results>
